info it worked if it ends with ok
verbose cli [ 'node', '/usr/bin/npm', 'start' ]
info using npm@1.1.4
info using node@v0.6.12
verbose config file /home/david/.npmrc
verbose config file /usr/etc/npmrc
verbose config file /usr/share/npm/npmrc
ERR! Error: ENOENT, no such file or directory '/home/david/vyvoj/WeeWikiPaint/package.json'
ERR! You may report this log at:
ERR!     <http://bugs.debian.org/npm>
ERR! or use
ERR!     reportbug --attach /home/david/vyvoj/WeeWikiPaint/npm-debug.log npm
ERR! 
ERR! System Linux 3.2.0-29-generic
ERR! command "node" "/usr/bin/npm" "start"
ERR! cwd /home/david/vyvoj/WeeWikiPaint
ERR! node -v v0.6.12
ERR! npm -v 1.1.4
ERR! path /home/david/vyvoj/WeeWikiPaint/package.json
ERR! code ENOENT
ERR! message ENOENT, no such file or directory '/home/david/vyvoj/WeeWikiPaint/package.json'
ERR! errno {}
verbose exit [ 1, true ]
